This file contains any messages produced by compilers while
running configure, to aid debugging if configure makes a mistake.

It was created by configure, which was
generated by GNU Autoconf 2.59.  Invocation command line was

  $ /home/nomad/Desktop/RedCap_b4-0h/redcap/configure --enable-debug=full

## --------- ##
## Platform. ##
## --------- ##

hostname = knopix
uname -m = i686
uname -r = 2.4.26
uname -s = Linux
uname -v = #1 SMP Sa Apr 17 19:33:42 CEST 2004

/usr/bin/uname -p = unknown
/bin/uname -X     = unknown

/bin/arch              = i686
/usr/bin/arch -k       = unknown
/usr/convex/getsysinfo = unknown
hostinfo               = unknown
/bin/machine           = unknown
/usr/bin/oslevel       = unknown
/bin/universe          = unknown

PATH: /home/nomad/.dist/bin
PATH: /sbin
PATH: /bin
PATH: /usr/sbin
PATH: /usr/bin
PATH: /usr/X11R6/bin
PATH: /usr/local/sbin
PATH: /usr/local/bin
PATH: /usr/games
PATH: .


## ----------- ##
## Core tests. ##
## ----------- ##

configure:1539: checking for a BSD-compatible install
configure:1594: result: /usr/bin/install -c
configure:1605: checking whether build environment is sane
configure:1648: result: yes
configure:1681: checking for gawk
configure:1697: found /usr/bin/gawk
configure:1707: result: gawk
configure:1717: checking whether make sets $(MAKE)
configure:1737: result: yes
configure:1954: checking for gcc
configure:1970: found /usr/bin/gcc
configure:1980: result: gcc
configure:2224: checking for C compiler version
configure:2227: gcc --version </dev/null >&5
gcc (GCC) 3.3.3 (Debian 20040429)
Copyright (C) 2003 Free Software Foundation, Inc.
This is free software; see the source for copying conditions.  There is NO
warranty; not even for MERCHANTABILITY or FITNESS FOR A PARTICULAR PURPOSE.

configure:2230: $? = 0
configure:2232: gcc -v </dev/null >&5
Reading specs from /usr/lib/gcc-lib/i486-linux/3.3.3/specs
Configured with: ../src/configure -v --enable-languages=c,c++,java,f77,pascal,objc,ada,treelang --prefix=/usr --mandir=/usr/share/man --infodir=/usr/share/info --with-gxx-include-dir=/usr/include/c++/3.3 --enable-shared --with-system-zlib --enable-nls --without-included-gettext --enable-__cxa_atexit --enable-clocale=gnu --enable-debug --enable-java-gc=boehm --enable-java-awt=xlib --enable-objc-gc i486-linux
Thread model: posix
gcc version 3.3.3 (Debian 20040429)
configure:2235: $? = 0
configure:2237: gcc -V </dev/null >&5
gcc: `-V' option must have argument
configure:2240: $? = 1
configure:2263: checking for C compiler default output file name
configure:2266: gcc -O0 -g3   conftest.c  >&5
configure:2269: $? = 0
configure:2315: result: a.out
configure:2320: checking whether the C compiler works
configure:2326: ./a.out
configure:2329: $? = 0
configure:2346: result: yes
configure:2353: checking whether we are cross compiling
configure:2355: result: no
configure:2358: checking for suffix of executables
configure:2360: gcc -o conftest -O0 -g3   conftest.c  >&5
configure:2363: $? = 0
configure:2388: result: 
configure:2394: checking for suffix of object files
configure:2415: gcc -c -O0 -g3  conftest.c >&5
configure:2418: $? = 0
configure:2440: result: o
configure:2444: checking whether we are using the GNU C compiler
configure:2468: gcc -c -O0 -g3  conftest.c >&5
configure:2474: $? = 0
configure:2477: test -z 			 || test ! -s conftest.err
configure:2480: $? = 0
configure:2483: test -s conftest.o
configure:2486: $? = 0
configure:2499: result: yes
configure:2505: checking whether gcc accepts -g
configure:2526: gcc -c -g  conftest.c >&5
configure:2532: $? = 0
configure:2535: test -z 			 || test ! -s conftest.err
configure:2538: $? = 0
configure:2541: test -s conftest.o
configure:2544: $? = 0
configure:2555: result: yes
configure:2572: checking for gcc option to accept ANSI C
configure:2642: gcc  -c -O0 -g3  conftest.c >&5
configure:2648: $? = 0
configure:2651: test -z 			 || test ! -s conftest.err
configure:2654: $? = 0
configure:2657: test -s conftest.o
configure:2660: $? = 0
configure:2678: result: none needed
configure:2696: gcc -c -O0 -g3  conftest.c >&5
conftest.c:2: error: parse error before "me"
configure:2702: $? = 1
configure: failed program was:
| #ifndef __cplusplus
|   choke me
| #endif
configure:2843: checking for style of include used by make
configure:2871: result: GNU
configure:2899: checking dependency style of gcc
configure:2982: result: gcc3
configure:3077: checking build system type
configure:3095: result: i686-pc-linux-gnu
configure:3103: checking host system type
configure:3117: result: i686-pc-linux-gnu
configure:3125: checking for a sed that does not truncate output
configure:3179: result: /bin/sed
configure:3182: checking for egrep
configure:3192: result: grep -E
configure:3208: checking for ld used by gcc
configure:3275: result: /usr/bin/ld
configure:3284: checking if the linker (/usr/bin/ld) is GNU ld
configure:3299: result: yes
configure:3304: checking for /usr/bin/ld option to reload object files
configure:3311: result: -r
configure:3320: checking for BSD-compatible nm
configure:3362: result: /usr/bin/nm -B
configure:3366: checking whether ln -s works
configure:3370: result: yes
configure:3377: checking how to recognise dependent libraries
configure:3551: result: pass_all
configure:3764: checking how to run the C preprocessor
configure:3799: gcc -E  conftest.c
configure:3805: $? = 0
configure:3837: gcc -E  conftest.c
conftest.c:11:28: ac_nonexistent.h: No such file or directory
configure:3843: $? = 1
configure: failed program was:
| /* confdefs.h.  */
| 
| #define PACKAGE_NAME ""
| #define PACKAGE_TARNAME ""
| #define PACKAGE_VERSION ""
| #define PACKAGE_STRING ""
| #define PACKAGE_BUGREPORT ""
| #define PACKAGE "redcap"
| #define VERSION "b4-0h"
| /* end confdefs.h.  */
| #include <ac_nonexistent.h>
configure:3882: result: gcc -E
configure:3906: gcc -E  conftest.c
configure:3912: $? = 0
configure:3944: gcc -E  conftest.c
conftest.c:11:28: ac_nonexistent.h: No such file or directory
configure:3950: $? = 1
configure: failed program was:
| /* confdefs.h.  */
| 
| #define PACKAGE_NAME ""
| #define PACKAGE_TARNAME ""
| #define PACKAGE_VERSION ""
| #define PACKAGE_STRING ""
| #define PACKAGE_BUGREPORT ""
| #define PACKAGE "redcap"
| #define VERSION "b4-0h"
| /* end confdefs.h.  */
| #include <ac_nonexistent.h>
configure:3994: checking for ANSI C header files
configure:4019: gcc -c -O0 -g3  conftest.c >&5
configure:4025: $? = 0
configure:4028: test -z 			 || test ! -s conftest.err
configure:4031: $? = 0
configure:4034: test -s conftest.o
configure:4037: $? = 0
configure:4123: gcc -o conftest -O0 -g3   conftest.c  >&5
configure:4126: $? = 0
configure:4128: ./conftest
configure:4131: $? = 0
configure:4146: result: yes
configure:4170: checking for sys/types.h
configure:4186: gcc -c -O0 -g3  conftest.c >&5
configure:4192: $? = 0
configure:4195: test -z 			 || test ! -s conftest.err
configure:4198: $? = 0
configure:4201: test -s conftest.o
configure:4204: $? = 0
configure:4215: result: yes
configure:4170: checking for sys/stat.h
configure:4186: gcc -c -O0 -g3  conftest.c >&5
configure:4192: $? = 0
configure:4195: test -z 			 || test ! -s conftest.err
configure:4198: $? = 0
configure:4201: test -s conftest.o
configure:4204: $? = 0
configure:4215: result: yes
configure:4170: checking for stdlib.h
configure:4186: gcc -c -O0 -g3  conftest.c >&5
configure:4192: $? = 0
configure:4195: test -z 			 || test ! -s conftest.err
configure:4198: $? = 0
configure:4201: test -s conftest.o
configure:4204: $? = 0
configure:4215: result: yes
configure:4170: checking for string.h
configure:4186: gcc -c -O0 -g3  conftest.c >&5
configure:4192: $? = 0
configure:4195: test -z 			 || test ! -s conftest.err
configure:4198: $? = 0
configure:4201: test -s conftest.o
configure:4204: $? = 0
configure:4215: result: yes
configure:4170: checking for memory.h
configure:4186: gcc -c -O0 -g3  conftest.c >&5
configure:4192: $? = 0
configure:4195: test -z 			 || test ! -s conftest.err
configure:4198: $? = 0
configure:4201: test -s conftest.o
configure:4204: $? = 0
configure:4215: result: yes
configure:4170: checking for strings.h
configure:4186: gcc -c -O0 -g3  conftest.c >&5
configure:4192: $? = 0
configure:4195: test -z 			 || test ! -s conftest.err
configure:4198: $? = 0
configure:4201: test -s conftest.o
configure:4204: $? = 0
configure:4215: result: yes
configure:4170: checking for inttypes.h
configure:4186: gcc -c -O0 -g3  conftest.c >&5
configure:4192: $? = 0
configure:4195: test -z 			 || test ! -s conftest.err
configure:4198: $? = 0
configure:4201: test -s conftest.o
configure:4204: $? = 0
configure:4215: result: yes
configure:4170: checking for stdint.h
configure:4186: gcc -c -O0 -g3  conftest.c >&5
configure:4192: $? = 0
configure:4195: test -z 			 || test ! -s conftest.err
configure:4198: $? = 0
configure:4201: test -s conftest.o
configure:4204: $? = 0
configure:4215: result: yes
configure:4170: checking for unistd.h
configure:4186: gcc -c -O0 -g3  conftest.c >&5
configure:4192: $? = 0
configure:4195: test -z 			 || test ! -s conftest.err
configure:4198: $? = 0
configure:4201: test -s conftest.o
configure:4204: $? = 0
configure:4215: result: yes
configure:4241: checking dlfcn.h usability
configure:4253: gcc -c -O0 -g3  conftest.c >&5
configure:4259: $? = 0
configure:4262: test -z 			 || test ! -s conftest.err
configure:4265: $? = 0
configure:4268: test -s conftest.o
configure:4271: $? = 0
configure:4281: result: yes
configure:4285: checking dlfcn.h presence
configure:4295: gcc -E  conftest.c
configure:4301: $? = 0
configure:4321: result: yes
configure:4356: checking for dlfcn.h
configure:4363: result: yes
configure:4428: checking for g++
configure:4444: found /usr/bin/g++
configure:4454: result: g++
configure:4470: checking for C++ compiler version
configure:4473: g++ --version </dev/null >&5
g++ (GCC) 3.3.3 (Debian 20040429)
Copyright (C) 2003 Free Software Foundation, Inc.
This is free software; see the source for copying conditions.  There is NO
warranty; not even for MERCHANTABILITY or FITNESS FOR A PARTICULAR PURPOSE.

configure:4476: $? = 0
configure:4478: g++ -v </dev/null >&5
Reading specs from /usr/lib/gcc-lib/i486-linux/3.3.3/specs
Configured with: ../src/configure -v --enable-languages=c,c++,java,f77,pascal,objc,ada,treelang --prefix=/usr --mandir=/usr/share/man --infodir=/usr/share/info --with-gxx-include-dir=/usr/include/c++/3.3 --enable-shared --with-system-zlib --enable-nls --without-included-gettext --enable-__cxa_atexit --enable-clocale=gnu --enable-debug --enable-java-gc=boehm --enable-java-awt=xlib --enable-objc-gc i486-linux
Thread model: posix
gcc version 3.3.3 (Debian 20040429)
configure:4481: $? = 0
configure:4483: g++ -V </dev/null >&5
g++: `-V' option must have argument
configure:4486: $? = 1
configure:4489: checking whether we are using the GNU C++ compiler
configure:4513: g++ -c   conftest.cc >&5
configure:4519: $? = 0
configure:4522: test -z 			 || test ! -s conftest.err
configure:4525: $? = 0
configure:4528: test -s conftest.o
configure:4531: $? = 0
configure:4544: result: yes
configure:4550: checking whether g++ accepts -g
configure:4571: g++ -c -g  conftest.cc >&5
configure:4577: $? = 0
configure:4580: test -z 			 || test ! -s conftest.err
configure:4583: $? = 0
configure:4586: test -s conftest.o
configure:4589: $? = 0
configure:4600: result: yes
configure:4642: g++ -c -g -O2  conftest.cc >&5
configure:4648: $? = 0
configure:4651: test -z 			 || test ! -s conftest.err
configure:4654: $? = 0
configure:4657: test -s conftest.o
configure:4660: $? = 0
configure:4686: g++ -c -g -O2  conftest.cc >&5
conftest.cc: In function `int main()':
conftest.cc:26: error: `exit' undeclared (first use this function)
conftest.cc:26: error: (Each undeclared identifier is reported only once for 
   each function it appears in.)
configure:4692: $? = 1
configure: failed program was:
| /* confdefs.h.  */
| 
| #define PACKAGE_NAME ""
| #define PACKAGE_TARNAME ""
| #define PACKAGE_VERSION ""
| #define PACKAGE_STRING ""
| #define PACKAGE_BUGREPORT ""
| #define PACKAGE "redcap"
| #define VERSION "b4-0h"
| #define STDC_HEADERS 1
| #define HAVE_SYS_TYPES_H 1
| #define HAVE_SYS_STAT_H 1
| #define HAVE_STDLIB_H 1
| #define HAVE_STRING_H 1
| #define HAVE_MEMORY_H 1
| #define HAVE_STRINGS_H 1
| #define HAVE_INTTYPES_H 1
| #define HAVE_STDINT_H 1
| #define HAVE_UNISTD_H 1
| #define HAVE_DLFCN_H 1
| /* end confdefs.h.  */
| 
| int
| main ()
| {
| exit (42);
|   ;
|   return 0;
| }
configure:4642: g++ -c -g -O2  conftest.cc >&5
configure:4648: $? = 0
configure:4651: test -z 			 || test ! -s conftest.err
configure:4654: $? = 0
configure:4657: test -s conftest.o
configure:4660: $? = 0
configure:4686: g++ -c -g -O2  conftest.cc >&5
configure:4692: $? = 0
configure:4695: test -z 			 || test ! -s conftest.err
configure:4698: $? = 0
configure:4701: test -s conftest.o
configure:4704: $? = 0
configure:4729: checking dependency style of g++
configure:4812: result: gcc3
configure:4834: checking how to run the C++ preprocessor
configure:4865: g++ -E  conftest.cc
configure:4871: $? = 0
configure:4903: g++ -E  conftest.cc
conftest.cc:25:28: ac_nonexistent.h: No such file or directory
configure:4909: $? = 1
configure: failed program was:
| /* confdefs.h.  */
| 
| #define PACKAGE_NAME ""
| #define PACKAGE_TARNAME ""
| #define PACKAGE_VERSION ""
| #define PACKAGE_STRING ""
| #define PACKAGE_BUGREPORT ""
| #define PACKAGE "redcap"
| #define VERSION "b4-0h"
| #define STDC_HEADERS 1
| #define HAVE_SYS_TYPES_H 1
| #define HAVE_SYS_STAT_H 1
| #define HAVE_STDLIB_H 1
| #define HAVE_STRING_H 1
| #define HAVE_MEMORY_H 1
| #define HAVE_STRINGS_H 1
| #define HAVE_INTTYPES_H 1
| #define HAVE_STDINT_H 1
| #define HAVE_UNISTD_H 1
| #define HAVE_DLFCN_H 1
| #ifdef __cplusplus
| extern "C" void std::exit (int) throw (); using std::exit;
| #endif
| /* end confdefs.h.  */
| #include <ac_nonexistent.h>
configure:4948: result: g++ -E
configure:4972: g++ -E  conftest.cc
configure:4978: $? = 0
configure:5010: g++ -E  conftest.cc
conftest.cc:25:28: ac_nonexistent.h: No such file or directory
configure:5016: $? = 1
configure: failed program was:
| /* confdefs.h.  */
| 
| #define PACKAGE_NAME ""
| #define PACKAGE_TARNAME ""
| #define PACKAGE_VERSION ""
| #define PACKAGE_STRING ""
| #define PACKAGE_BUGREPORT ""
| #define PACKAGE "redcap"
| #define VERSION "b4-0h"
| #define STDC_HEADERS 1
| #define HAVE_SYS_TYPES_H 1
| #define HAVE_SYS_STAT_H 1
| #define HAVE_STDLIB_H 1
| #define HAVE_STRING_H 1
| #define HAVE_MEMORY_H 1
| #define HAVE_STRINGS_H 1
| #define HAVE_INTTYPES_H 1
| #define HAVE_STDINT_H 1
| #define HAVE_UNISTD_H 1
| #define HAVE_DLFCN_H 1
| #ifdef __cplusplus
| extern "C" void std::exit (int) throw (); using std::exit;
| #endif
| /* end confdefs.h.  */
| #include <ac_nonexistent.h>
configure:5111: checking for g77
configure:5140: result: no
configure:5111: checking for f77
configure:5140: result: no
configure:5111: checking for xlf
configure:5140: result: no
configure:5111: checking for frt
configure:5140: result: no
configure:5111: checking for pgf77
configure:5140: result: no
configure:5111: checking for fort77
configure:5140: result: no
configure:5111: checking for fl32
configure:5140: result: no
configure:5111: checking for af77
configure:5140: result: no
configure:5111: checking for f90
configure:5140: result: no
configure:5111: checking for xlf90
configure:5140: result: no
configure:5111: checking for pgf90
configure:5140: result: no
configure:5111: checking for epcf90
configure:5140: result: no
configure:5111: checking for f95
configure:5140: result: no
configure:5111: checking for fort
configure:5140: result: no
configure:5111: checking for xlf95
configure:5140: result: no
configure:5111: checking for ifc
configure:5140: result: no
configure:5111: checking for efc
configure:5140: result: no
configure:5111: checking for pgf95
configure:5140: result: no
configure:5111: checking for lf95
configure:5140: result: no
configure:5111: checking for gfortran
configure:5140: result: no
configure:5155: checking for Fortran 77 compiler version
configure:5155:  --version </dev/null >&5
/home/nomad/Desktop/RedCap_b4-0h/redcap/configure: line 1: --version: command not found
configure:5158: $? = 127
configure:5160:  -v </dev/null >&5
/home/nomad/Desktop/RedCap_b4-0h/redcap/configure: line 1: -v: command not found
configure:5163: $? = 127
configure:5165:  -V </dev/null >&5
/home/nomad/Desktop/RedCap_b4-0h/redcap/configure: line 1: -V: command not found
configure:5168: $? = 127
configure:5176: checking whether we are using the GNU Fortran 77 compiler
configure:5190:  -c  conftest.F >&5
/home/nomad/Desktop/RedCap_b4-0h/redcap/configure: line 1: -c: command not found
configure:5196: $? = 127
configure: failed program was:
|       program main
| #ifndef __GNUC__
|        choke me
| #endif
| 
|       end
configure:5221: result: no
configure:5227: checking whether  accepts -g
configure:5239:  -c -g conftest.f >&5
/home/nomad/Desktop/RedCap_b4-0h/redcap/configure: line 1: -c: command not found
configure:5245: $? = 127
configure: failed program was:
|       program main
| 
|       end
configure:5269: result: no
configure:5299: checking the maximum length of command line arguments
configure:5364: result: 32768
configure:5375: checking command to parse /usr/bin/nm -B output from gcc object
configure:5464: gcc -c -O0 -g3  conftest.c >&5
configure:5467: $? = 0
configure:5471: /usr/bin/nm -B conftest.o \| sed -n -e 's/^.*[ 	]\([ABCDGIRSTW][ABCDGIRSTW]*\)[ 	][ 	]*\(\)\([_A-Za-z][_A-Za-z0-9]*\)$/\1 \2\3 \3/p' \> conftest.nm
configure:5474: $? = 0
configure:5526: gcc -o conftest -O0 -g3   conftest.c conftstm.o >&5
configure:5529: $? = 0
configure:5567: result: ok
configure:5571: checking for objdir
configure:5586: result: .libs
configure:5676: checking for ar
configure:5692: found /usr/bin/ar
configure:5703: result: ar
configure:5756: checking for ranlib
configure:5772: found /usr/bin/ranlib
configure:5783: result: ranlib
configure:5836: checking for strip
configure:5852: found /usr/bin/strip
configure:5863: result: strip
configure:6125: checking if gcc static flag  works
configure:6148: result: yes
configure:6166: checking if gcc supports -fno-rtti -fno-exceptions
configure:6187: gcc -c -O0 -g3  -fno-rtti -fno-exceptions conftest.c >&5
cc1: warning: "-fno-rtti" is valid for C++ but not for C/ObjC
configure:6191: $? = 0
configure:6199: result: no
configure:6214: checking for gcc option to produce PIC
configure:6391: result: -fPIC
configure:6399: checking if gcc PIC flag -fPIC works
configure:6420: gcc -c -O0 -g3  -fPIC -DPIC conftest.c >&5
configure:6424: $? = 0
configure:6432: result: yes
configure:6456: checking if gcc supports -c -o file.o
configure:6480: gcc -c -O0 -g3  -o out/conftest2.o conftest.c >&5
configure:6484: $? = 0
configure:6501: result: yes
configure:6527: checking whether the gcc linker (/usr/bin/ld) supports shared libraries
configure:7374: result: yes
configure:7400: checking whether -lc should be explicitly linked in
configure:7405: gcc -c -O0 -g3  conftest.c >&5
configure:7408: $? = 0
configure:7422: gcc -shared conftest.o  -v -Wl,-soname -Wl,conftest -o conftest 2\>\&1 \| grep  -lc  \>/dev/null 2\>\&1
configure:7425: $? = 0
configure:7437: result: no
configure:7445: checking dynamic linker characteristics
configure:7985: result: GNU/Linux ld.so
configure:7989: checking how to hardcode library paths into programs
configure:8014: result: immediate
configure:8028: checking whether stripping libraries is possible
configure:8033: result: yes
configure:8856: checking if libtool supports shared libraries
configure:8858: result: yes
configure:8861: checking whether to build shared libraries
configure:8919: result: yes
configure:8922: checking whether to build static libraries
configure:8926: result: yes
configure:9018: creating libtool
configure:9565: checking for ld used by g++
configure:9632: result: /usr/bin/ld
configure:9641: checking if the linker (/usr/bin/ld) is GNU ld
configure:9656: result: yes
configure:9707: checking whether the g++ linker (/usr/bin/ld) supports shared libraries
configure:10533: result: yes
configure:10551: g++ -c -g -O2  conftest.cc >&5
configure:10554: $? = 0
configure:10650: checking for g++ option to produce PIC
configure:10902: result: -fPIC
configure:10910: checking if g++ PIC flag -fPIC works
configure:10931: g++ -c -g -O2  -fPIC -DPIC conftest.cc >&5
configure:10935: $? = 0
configure:10943: result: yes
configure:10967: checking if g++ supports -c -o file.o
configure:10991: g++ -c -g -O2  -o out/conftest2.o conftest.cc >&5
configure:10995: $? = 0
configure:11012: result: yes
configure:11038: checking whether the g++ linker (/usr/bin/ld) supports shared libraries
configure:11066: result: yes
configure:11137: checking dynamic linker characteristics
configure:11677: result: GNU/Linux ld.so
configure:11681: checking how to hardcode library paths into programs
configure:11706: result: immediate
configure:11720: checking whether stripping libraries is possible
configure:11725: result: yes
configure:19062: creating ./config.status

## ---------------------- ##
## Running config.status. ##
## ---------------------- ##

This file was extended by config.status, which was
generated by GNU Autoconf 2.59.  Invocation command line was

  CONFIG_FILES    = 
  CONFIG_HEADERS  = 
  CONFIG_LINKS    = 
  CONFIG_COMMANDS = 
  $ ./config.status 

on knopix

config.status:751: creating Makefile
config.status:751: creating src/Makefile
config.status:810: creating config.h
config.status:1098: executing depfiles commands

## ---------------- ##
## Cache variables. ##
## ---------------- ##

ac_cv_build=i686-pc-linux-gnu
ac_cv_build_alias=i686-pc-linux-gnu
ac_cv_c_compiler_gnu=yes
ac_cv_cxx_compiler_gnu=yes
ac_cv_env_CC_set=
ac_cv_env_CC_value=
ac_cv_env_CFLAGS_set=set
ac_cv_env_CFLAGS_value='-O0 -g3'
ac_cv_env_CPPFLAGS_set=
ac_cv_env_CPPFLAGS_value=
ac_cv_env_CPP_set=
ac_cv_env_CPP_value=
ac_cv_env_CXXCPP_set=
ac_cv_env_CXXCPP_value=
ac_cv_env_CXXFLAGS_set=
ac_cv_env_CXXFLAGS_value=
ac_cv_env_CXX_set=
ac_cv_env_CXX_value=
ac_cv_env_F77_set=
ac_cv_env_F77_value=
ac_cv_env_FFLAGS_set=
ac_cv_env_FFLAGS_value=
ac_cv_env_LDFLAGS_set=
ac_cv_env_LDFLAGS_value=
ac_cv_env_build_alias_set=
ac_cv_env_build_alias_value=
ac_cv_env_host_alias_set=
ac_cv_env_host_alias_value=
ac_cv_env_target_alias_set=
ac_cv_env_target_alias_value=
ac_cv_exeext=
ac_cv_f77_compiler_gnu=no
ac_cv_header_dlfcn_h=yes
ac_cv_header_inttypes_h=yes
ac_cv_header_memory_h=yes
ac_cv_header_stdc=yes
ac_cv_header_stdint_h=yes
ac_cv_header_stdlib_h=yes
ac_cv_header_string_h=yes
ac_cv_header_strings_h=yes
ac_cv_header_sys_stat_h=yes
ac_cv_header_sys_types_h=yes
ac_cv_header_unistd_h=yes
ac_cv_host=i686-pc-linux-gnu
ac_cv_host_alias=i686-pc-linux-gnu
ac_cv_objext=o
ac_cv_path_install='/usr/bin/install -c'
ac_cv_prog_AWK=gawk
ac_cv_prog_CPP='gcc -E'
ac_cv_prog_CXXCPP='g++ -E'
ac_cv_prog_ac_ct_AR=ar
ac_cv_prog_ac_ct_CC=gcc
ac_cv_prog_ac_ct_CXX=g++
ac_cv_prog_ac_ct_RANLIB=ranlib
ac_cv_prog_ac_ct_STRIP=strip
ac_cv_prog_cc_g=yes
ac_cv_prog_cc_stdc=
ac_cv_prog_cxx_g=yes
ac_cv_prog_egrep='grep -E'
ac_cv_prog_f77_g=no
ac_cv_prog_make_make_set=yes
am_cv_CC_dependencies_compiler_type=gcc3
am_cv_CXX_dependencies_compiler_type=gcc3
lt_cv_deplibs_check_method=pass_all
lt_cv_file_magic_cmd='$MAGIC_CMD'
lt_cv_file_magic_test_file=
lt_cv_ld_reload_flag=-r
lt_cv_objdir=.libs
lt_cv_path_LD=/usr/bin/ld
lt_cv_path_LDCXX=/usr/bin/ld
lt_cv_path_NM='/usr/bin/nm -B'
lt_cv_path_SED=/bin/sed
lt_cv_prog_compiler_c_o=yes
lt_cv_prog_compiler_c_o_CXX=yes
lt_cv_prog_compiler_rtti_exceptions=no
lt_cv_prog_gnu_ld=yes
lt_cv_prog_gnu_ldcxx=yes
lt_cv_sys_global_symbol_pipe='sed -n -e '\''s/^.*[ 	]\([ABCDGIRSTW][ABCDGIRSTW]*\)[ 	][ 	]*\(\)\([_A-Za-z][_A-Za-z0-9]*\)$/\1 \2\3 \3/p'\'''
lt_cv_sys_global_symbol_to_c_name_address='sed -n -e '\''s/^: \([^ ]*\) $/  {\"\1\", (lt_ptr) 0},/p'\'' -e '\''s/^[BCDEGRST] \([^ ]*\) \([^ ]*\)$/  {"\2", (lt_ptr) \&\2},/p'\'''
lt_cv_sys_global_symbol_to_cdecl='sed -n -e '\''s/^. .* \(.*\)$/extern int \1;/p'\'''
lt_cv_sys_max_cmd_len=32768
lt_lt_cv_prog_compiler_c_o='"yes"'
lt_lt_cv_prog_compiler_c_o_CXX='"yes"'
lt_lt_cv_sys_global_symbol_pipe='"sed -n -e '\''s/^.*[ 	]\\([ABCDGIRSTW][ABCDGIRSTW]*\\)[ 	][ 	]*\\(\\)\\([_A-Za-z][_A-Za-z0-9]*\\)\$/\\1 \\2\\3 \\3/p'\''"'
lt_lt_cv_sys_global_symbol_to_c_name_address='"sed -n -e '\''s/^: \\([^ ]*\\) \$/  {\\\"\\1\\\", (lt_ptr) 0},/p'\'' -e '\''s/^[BCDEGRST] \\([^ ]*\\) \\([^ ]*\\)\$/  {\"\\2\", (lt_ptr) \\&\\2},/p'\''"'
lt_lt_cv_sys_global_symbol_to_cdecl='"sed -n -e '\''s/^. .* \\(.*\\)\$/extern int \\1;/p'\''"'

## ----------------- ##
## Output variables. ##
## ----------------- ##

ACLOCAL='${SHELL} /home/nomad/Desktop/RedCap_b4-0h/redcap/missing --run aclocal-1.7'
AMDEPBACKSLASH='\'
AMDEP_FALSE='#'
AMDEP_TRUE=''
AMTAR='${SHELL} /home/nomad/Desktop/RedCap_b4-0h/redcap/missing --run tar'
AR='ar'
AUTOCONF='${SHELL} /home/nomad/Desktop/RedCap_b4-0h/redcap/missing --run autoconf'
AUTOHEADER='${SHELL} /home/nomad/Desktop/RedCap_b4-0h/redcap/missing --run autoheader'
AUTOMAKE='${SHELL} /home/nomad/Desktop/RedCap_b4-0h/redcap/missing --run automake-1.7'
AWK='gawk'
CC='gcc'
CCDEPMODE='depmode=gcc3'
CFLAGS='-O0 -g3'
CPP='gcc -E'
CPPFLAGS=''
CXX='g++'
CXXCPP='g++ -E'
CXXDEPMODE='depmode=gcc3'
CXXFLAGS='-g -O2'
CYGPATH_W='echo'
DEFS='-DHAVE_CONFIG_H'
DEPDIR='.deps'
ECHO='echo'
ECHO_C=''
ECHO_N='-n'
ECHO_T=''
EGREP='grep -E'
EXEEXT=''
F77=''
FFLAGS=''
INSTALL_DATA='${INSTALL} -m 644'
INSTALL_PROGRAM='${INSTALL}'
INSTALL_SCRIPT='${INSTALL}'
INSTALL_STRIP_PROGRAM='${SHELL} $(install_sh) -c -s'
LDFLAGS=''
LIBOBJS=''
LIBS=''
LIBTOOL='$(SHELL) $(top_builddir)/libtool'
LN_S='ln -s'
LTLIBOBJS=''
MAKEINFO='${SHELL} /home/nomad/Desktop/RedCap_b4-0h/redcap/missing --run makeinfo'
OBJEXT='o'
PACKAGE='redcap'
PACKAGE_BUGREPORT=''
PACKAGE_NAME=''
PACKAGE_STRING=''
PACKAGE_TARNAME=''
PACKAGE_VERSION=''
PATH_SEPARATOR=':'
RANLIB='ranlib'
SET_MAKE=''
SHELL='/bin/sh'
STRIP='strip'
VERSION='b4-0h'
ac_ct_AR='ar'
ac_ct_CC='gcc'
ac_ct_CXX='g++'
ac_ct_F77=''
ac_ct_RANLIB='ranlib'
ac_ct_STRIP='strip'
am__fastdepCC_FALSE='#'
am__fastdepCC_TRUE=''
am__fastdepCXX_FALSE='#'
am__fastdepCXX_TRUE=''
am__include='include'
am__leading_dot='.'
am__quote=''
bindir='${exec_prefix}/bin'
build='i686-pc-linux-gnu'
build_alias=''
build_cpu='i686'
build_os='linux-gnu'
build_vendor='pc'
datadir='${prefix}/share'
exec_prefix='${prefix}'
host='i686-pc-linux-gnu'
host_alias=''
host_cpu='i686'
host_os='linux-gnu'
host_vendor='pc'
includedir='${prefix}/include'
infodir='${prefix}/info'
install_sh='/home/nomad/Desktop/RedCap_b4-0h/redcap/install-sh'
libdir='${exec_prefix}/lib'
libexecdir='${exec_prefix}/libexec'
localstatedir='${prefix}/var'
mandir='${prefix}/man'
oldincludedir='/usr/include'
prefix='/usr/local'
program_transform_name='s,x,x,'
sbindir='${exec_prefix}/sbin'
sharedstatedir='${prefix}/com'
sysconfdir='${prefix}/etc'
target_alias=''

## ----------- ##
## confdefs.h. ##
## ----------- ##

#define HAVE_DLFCN_H 1
#define HAVE_INTTYPES_H 1
#define HAVE_MEMORY_H 1
#define HAVE_STDINT_H 1
#define HAVE_STDLIB_H 1
#define HAVE_STRINGS_H 1
#define HAVE_STRING_H 1
#define HAVE_SYS_STAT_H 1
#define HAVE_SYS_TYPES_H 1
#define HAVE_UNISTD_H 1
#define PACKAGE "redcap"
#define PACKAGE_BUGREPORT ""
#define PACKAGE_NAME ""
#define PACKAGE_STRING ""
#define PACKAGE_TARNAME ""
#define PACKAGE_VERSION ""
#define STDC_HEADERS 1
#define VERSION "b4-0h"
#endif
#ifdef __cplusplus
extern "C" void std::exit (int) throw (); using std::exit;

configure: exit 0
